# JRE version: OpenJDK Runtime Environment (8.0_152-b06) (build 1.8.0_152-release-1136-b06)
# Java VM: OpenJDK 64-Bit Server VM (25.152-b06 mixed mode windows-amd64 compressed oops)
Heap:
 PSYoungGen      total 336896K, used 156442K [0x00000000e0000000, 0x00000000fa380000, 0x0000000100000000)
  eden space 293888K, 44% used [0x00000000e0000000,0x00000000e7f48828,0x00000000f1f00000)
  from space 43008K, 60% used [0x00000000f5280000,0x00000000f6bfe048,0x00000000f7c80000)
  to   space 52736K, 0% used [0x00000000f1f00000,0x00000000f1f00000,0x00000000f5280000)
 ParOldGen       total 110080K, used 53023K [0x00000000a0000000, 0x00000000a6b80000, 0x00000000e0000000)
  object space 110080K, 48% used [0x00000000a0000000,0x00000000a33c7c80,0x00000000a6b80000)
 Metaspace       used 59982K, capacity 62084K, committed 62376K, reserved 1103872K
  class space    used 7008K, capacity 7497K, committed 7600K, reserved 1048576K
GC Heap History (10 events):
Event: 361.023 GC heap before
{Heap before GC invocations=12 (full 3):
 PSYoungGen      total 213504K, used 213491K [0x00000000e0000000, 0x00000000efb00000, 0x0000000100000000)
  eden space 189440K, 100% used [0x00000000e0000000,0x00000000eb900000,0x00000000eb900000)
  from space 24064K, 99% used [0x00000000ed900000,0x00000000ef07ce30,0x00000000ef080000)
  to   space 32768K, 0% used [0x00000000eb900000,0x00000000eb900000,0x00000000ed900000)
 ParOldGen       total 73216K, used 35601K [0x00000000a0000000, 0x00000000a4780000, 0x00000000e0000000)
  object space 73216K, 48% used [0x00000000a0000000,0x00000000a22c4610,0x00000000a4780000)
 Metaspace       used 54362K, capacity 55538K, committed 55848K, reserved 1097728K
  class space    used 6572K, capacity 6864K, committed 6960K, reserved 1048576K
Event: 361.069 GC heap after
Heap after GC invocations=12 (full 3):
 PSYoungGen      total 222208K, used 32762K [0x00000000e0000000, 0x00000000f7c80000, 0x0000000100000000)
  eden space 189440K, 0% used [0x00000000e0000000,0x00000000e0000000,0x00000000eb900000)
  from space 32768K, 99% used [0x00000000eb900000,0x00000000ed8fe810,0x00000000ed900000)
  to   space 43008K, 0% used [0x00000000f5280000,0x00000000f5280000,0x00000000f7c80000)
 ParOldGen       total 73216K, used 46328K [0x00000000a0000000, 0x00000000a4780000, 0x00000000e0000000)
  object space 73216K, 63% used [0x00000000a0000000,0x00000000a2d3e2d0,0x00000000a4780000)
 Metaspace       used 54362K, capacity 55538K, committed 55848K, reserved 1097728K
  class space    used 6572K, capacity 6864K, committed 6960K, reserved 1048576K
}
Event: 400.630 GC heap before
{Heap before GC invocations=13 (full 3):
 PSYoungGen      total 222208K, used 222202K [0x00000000e0000000, 0x00000000f7c80000, 0x0000000100000000)
  eden space 189440K, 100% used [0x00000000e0000000,0x00000000eb900000,0x00000000eb900000)
  from space 32768K, 99% used [0x00000000eb900000,0x00000000ed8fe810,0x00000000ed900000)
  to   space 43008K, 0% used [0x00000000f5280000,0x00000000f5280000,0x00000000f7c80000)
 ParOldGen       total 73216K, used 46328K [0x00000000a0000000, 0x00000000a4780000, 0x00000000e0000000)
  object space 73216K, 63% used [0x00000000a0000000,0x00000000a2d3e2d0,0x00000000a4780000)
 Metaspace       used 55567K, capacity 56798K, committed 57128K, reserved 1099776K
  class space    used 6644K, capacity 6952K, committed 6960K, reserved 1048576K
Event: 400.681 GC heap after
Heap after GC invocations=13 (full 3):
 PSYoungGen      total 293376K, used 43001K [0x00000000e0000000, 0x00000000f7c80000, 0x0000000100000000)
  eden space 250368K, 0% used [0x00000000e0000000,0x00000000e0000000,0x00000000ef480000)
  from space 43008K, 99% used [0x00000000f5280000,0x00000000f7c7e568,0x00000000f7c80000)
  to   space 54272K, 0% used [0x00000000f1280000,0x00000000f1280000,0x00000000f4780000)
 ParOldGen       total 73216K, used 57476K [0x00000000a0000000, 0x00000000a4780000, 0x00000000e0000000)
  object space 73216K, 78% used [0x00000000a0000000,0x00000000a3821378,0x00000000a4780000)
 Metaspace       used 55567K, capacity 56798K, committed 57128K, reserved 1099776K
  class space    used 6644K, capacity 6952K, committed 6960K, reserved 1048576K
}
Event: 400.681 GC heap before
{Heap before GC invocations=14 (full 4):
 PSYoungGen      total 293376K, used 43001K [0x00000000e0000000, 0x00000000f7c80000, 0x0000000100000000)
  eden space 250368K, 0% used [0x00000000e0000000,0x00000000e0000000,0x00000000ef480000)
  from space 43008K, 99% used [0x00000000f5280000,0x00000000f7c7e568,0x00000000f7c80000)
  to   space 54272K, 0% used [0x00000000f1280000,0x00000000f1280000,0x00000000f4780000)
 ParOldGen       total 73216K, used 57476K [0x00000000a0000000, 0x00000000a4780000, 0x00000000e0000000)
  object space 73216K, 78% used [0x00000000a0000000,0x00000000a3821378,0x00000000a4780000)
 Metaspace       used 55567K, capacity 56798K, committed 57128K, reserved 1099776K
  class space    used 6644K, capacity 6952K, committed 6960K, reserved 1048576K
Event: 400.829 GC heap after
Heap after GC invocations=14 (full 4):
 PSYoungGen      total 293376K, used 0K [0x00000000e0000000, 0x00000000f7c80000, 0x0000000100000000)
  eden space 250368K, 0% used [0x00000000e0000000,0x00000000e0000000,0x00000000ef480000)
  from space 43008K, 0% used [0x00000000f5280000,0x00000000f5280000,0x00000000f7c80000)
  to   space 54272K, 0% used [0x00000000f1280000,0x00000000f1280000,0x00000000f4780000)
 ParOldGen       total 110080K, used 41566K [0x00000000a0000000, 0x00000000a6b80000, 0x00000000e0000000)
  object space 110080K, 37% used [0x00000000a0000000,0x00000000a2897898,0x00000000a6b80000)
 Metaspace       used 55567K, capacity 56798K, committed 57128K, reserved 1099776K
  class space    used 6644K, capacity 6952K, committed 6960K, reserved 1048576K
}
Event: 894.980 GC heap before
{Heap before GC invocations=15 (full 4):
 PSYoungGen      total 293376K, used 250368K [0x00000000e0000000, 0x00000000f7c80000, 0x0000000100000000)
  eden space 250368K, 100% used [0x00000000e0000000,0x00000000ef480000,0x00000000ef480000)
  from space 43008K, 0% used [0x00000000f5280000,0x00000000f5280000,0x00000000f7c80000)
  to   space 54272K, 0% used [0x00000000f1280000,0x00000000f1280000,0x00000000f4780000)
 ParOldGen       total 110080K, used 41566K [0x00000000a0000000, 0x00000000a6b80000, 0x00000000e0000000)
  object space 110080K, 37% used [0x00000000a0000000,0x00000000a2897898,0x00000000a6b80000)
 Metaspace       used 57998K, capacity 59880K, committed 60072K, reserved 1101824K
  class space    used 6874K, capacity 7303K, committed 7344K, reserved 1048576K
Event: 895.075 GC heap after
Heap after GC invocations=15 (full 4):
 PSYoungGen      total 304640K, used 31268K [0x00000000e0000000, 0x00000000f7c80000, 0x0000000100000000)
  eden space 250368K, 0% used [0x00000000e0000000,0x00000000e0000000,0x00000000ef480000)
  from space 54272K, 57% used [0x00000000f1280000,0x00000000f3109180,0x00000000f4780000)
  to   space 43008K, 0% used [0x00000000f5280000,0x00000000f5280000,0x00000000f7c80000)
 ParOldGen       total 110080K, used 41574K [0x00000000a0000000, 0x00000000a6b80000, 0x00000000e0000000)
  object space 110080K, 37% used [0x00000000a0000000,0x00000000a2899898,0x00000000a6b80000)
 Metaspace       used 57998K, capacity 59880K, committed 60072K, reserved 1101824K
  class space    used 6874K, capacity 7303K, committed 7344K, reserved 1048576K
}
Event: 1215.860 GC heap before
{Heap before GC invocations=16 (full 4):
 PSYoungGen      total 304640K, used 281636K [0x00000000e0000000, 0x00000000f7c80000, 0x0000000100000000)
  eden space 250368K, 100% used [0x00000000e0000000,0x00000000ef480000,0x00000000ef480000)
  from space 54272K, 57% used [0x00000000f1280000,0x00000000f3109180,0x00000000f4780000)
  to   space 43008K, 0% used [0x00000000f5280000,0x00000000f5280000,0x00000000f7c80000)
 ParOldGen       total 110080K, used 41574K [0x00000000a0000000, 0x00000000a6b80000, 0x00000000e0000000)
  object space 110080K, 37% used [0x00000000a0000000,0x00000000a2899898,0x00000000a6b80000)
 Metaspace       used 59308K, capacity 61242K, committed 61480K, reserved 1103872K
  class space    used 6955K, capacity 7388K, committed 7472K, reserved 1048576K
Event: 1215.898 GC heap after
Heap after GC invocations=16 (full 4):
 PSYoungGen      total 336896K, used 26104K [0x00000000e0000000, 0x00000000fa380000, 0x0000000100000000)
  eden space 293888K, 0% used [0x00000000e0000000,0x00000000e0000000,0x00000000f1f00000)
  from space 43008K, 60% used [0x00000000f5280000,0x00000000f6bfe048,0x00000000f7c80000)
  to   space 52736K, 0% used [0x00000000f1f00000,0x00000000f1f00000,0x00000000f5280000)
 ParOldGen       total 110080K, used 53023K [0x00000000a0000000, 0x00000000a6b80000, 0x00000000e0000000)
  object space 110080K, 48% used [0x00000000a0000000,0x00000000a33c7c80,0x00000000a6b80000)
 Metaspace       used 59308K, capacity 61242K, committed 61480K, reserved 1103872K
  class space    used 6955K, capacity 7388K, committed 7472K, reserved 1048576K
}

