# JRE version: OpenJDK Runtime Environment (8.0_152-b06) (build 1.8.0_152-release-1136-b06)
# Java VM: OpenJDK 64-Bit Server VM (25.152-b06 mixed mode windows-amd64 compressed oops)
Heap:
 PSYoungGen      total 37888K, used 956K [0x00000000e0000000, 0x00000000e2a00000, 0x0000000100000000)
  eden space 32768K, 2% used [0x00000000e0000000,0x00000000e00ef120,0x00000000e2000000)
  from space 5120K, 0% used [0x00000000e2500000,0x00000000e2500000,0x00000000e2a00000)
  to   space 5120K, 0% used [0x00000000e2000000,0x00000000e2000000,0x00000000e2500000)
 ParOldGen       total 72704K, used 6865K [0x00000000a0000000, 0x00000000a4700000, 0x00000000e0000000)
  object space 72704K, 9% used [0x00000000a0000000,0x00000000a06b47f0,0x00000000a4700000)
 Metaspace       used 24520K, capacity 24954K, committed 25392K, reserved 1075200K
  class space    used 3113K, capacity 3259K, committed 3376K, reserved 1048576K
GC Heap History (10 events):
Event: 2.177 GC heap before
{Heap before GC invocations=1 (full 0):
 PSYoungGen      total 37888K, used 14718K [0x00000000e0000000, 0x00000000e2a00000, 0x0000000100000000)
  eden space 32768K, 44% used [0x00000000e0000000,0x00000000e0e5fb68,0x00000000e2000000)
  from space 5120K, 0% used [0x00000000e2500000,0x00000000e2500000,0x00000000e2a00000)
  to   space 5120K, 0% used [0x00000000e2000000,0x00000000e2000000,0x00000000e2500000)
 ParOldGen       total 86016K, used 0K [0x00000000a0000000, 0x00000000a5400000, 0x00000000e0000000)
  object space 86016K, 0% used [0x00000000a0000000,0x00000000a0000000,0x00000000a5400000)
 Metaspace       used 9007K, capacity 9174K, committed 9216K, reserved 1056768K
  class space    used 959K, capacity 1023K, committed 1024K, reserved 1048576K
Event: 2.180 GC heap after
Heap after GC invocations=1 (full 0):
 PSYoungGen      total 37888K, used 2887K [0x00000000e0000000, 0x00000000e2a00000, 0x0000000100000000)
  eden space 32768K, 0% used [0x00000000e0000000,0x00000000e0000000,0x00000000e2000000)
  from space 5120K, 56% used [0x00000000e2000000,0x00000000e22d1c68,0x00000000e2500000)
  to   space 5120K, 0% used [0x00000000e2500000,0x00000000e2500000,0x00000000e2a00000)
 ParOldGen       total 86016K, used 8K [0x00000000a0000000, 0x00000000a5400000, 0x00000000e0000000)
  object space 86016K, 0% used [0x00000000a0000000,0x00000000a0002000,0x00000000a5400000)
 Metaspace       used 9007K, capacity 9174K, committed 9216K, reserved 1056768K
  class space    used 959K, capacity 1023K, committed 1024K, reserved 1048576K
}
Event: 2.180 GC heap before
{Heap before GC invocations=2 (full 1):
 PSYoungGen      total 37888K, used 2887K [0x00000000e0000000, 0x00000000e2a00000, 0x0000000100000000)
  eden space 32768K, 0% used [0x00000000e0000000,0x00000000e0000000,0x00000000e2000000)
  from space 5120K, 56% used [0x00000000e2000000,0x00000000e22d1c68,0x00000000e2500000)
  to   space 5120K, 0% used [0x00000000e2500000,0x00000000e2500000,0x00000000e2a00000)
 ParOldGen       total 86016K, used 8K [0x00000000a0000000, 0x00000000a5400000, 0x00000000e0000000)
  object space 86016K, 0% used [0x00000000a0000000,0x00000000a0002000,0x00000000a5400000)
 Metaspace       used 9007K, capacity 9174K, committed 9216K, reserved 1056768K
  class space    used 959K, capacity 1023K, committed 1024K, reserved 1048576K
Event: 2.191 GC heap after
Heap after GC invocations=2 (full 1):
 PSYoungGen      total 37888K, used 0K [0x00000000e0000000, 0x00000000e2a00000, 0x0000000100000000)
  eden space 32768K, 0% used [0x00000000e0000000,0x00000000e0000000,0x00000000e2000000)
  from space 5120K, 0% used [0x00000000e2000000,0x00000000e2000000,0x00000000e2500000)
  to   space 5120K, 0% used [0x00000000e2500000,0x00000000e2500000,0x00000000e2a00000)
 ParOldGen       total 86016K, used 2693K [0x00000000a0000000, 0x00000000a5400000, 0x00000000e0000000)
  object space 86016K, 3% used [0x00000000a0000000,0x00000000a02a15f0,0x00000000a5400000)
 Metaspace       used 9007K, capacity 9174K, committed 9216K, reserved 1056768K
  class space    used 959K, capacity 1023K, committed 1024K, reserved 1048576K
}
Event: 2.952 GC heap before
{Heap before GC invocations=3 (full 1):
 PSYoungGen      total 37888K, used 32768K [0x00000000e0000000, 0x00000000e2a00000, 0x0000000100000000)
  eden space 32768K, 100% used [0x00000000e0000000,0x00000000e2000000,0x00000000e2000000)
  from space 5120K, 0% used [0x00000000e2000000,0x00000000e2000000,0x00000000e2500000)
  to   space 5120K, 0% used [0x00000000e2500000,0x00000000e2500000,0x00000000e2a00000)
 ParOldGen       total 86016K, used 2693K [0x00000000a0000000, 0x00000000a5400000, 0x00000000e0000000)
  object space 86016K, 3% used [0x00000000a0000000,0x00000000a02a15f0,0x00000000a5400000)
 Metaspace       used 14154K, capacity 14450K, committed 14592K, reserved 1062912K
  class space    used 1630K, capacity 1729K, committed 1792K, reserved 1048576K
Event: 2.959 GC heap after
Heap after GC invocations=3 (full 1):
 PSYoungGen      total 37888K, used 5108K [0x00000000e0000000, 0x00000000e2a00000, 0x0000000100000000)
  eden space 32768K, 0% used [0x00000000e0000000,0x00000000e0000000,0x00000000e2000000)
  from space 5120K, 99% used [0x00000000e2500000,0x00000000e29fd3c8,0x00000000e2a00000)
  to   space 5120K, 0% used [0x00000000e2000000,0x00000000e2000000,0x00000000e2500000)
 ParOldGen       total 86016K, used 5126K [0x00000000a0000000, 0x00000000a5400000, 0x00000000e0000000)
  object space 86016K, 5% used [0x00000000a0000000,0x00000000a05018f8,0x00000000a5400000)
 Metaspace       used 14154K, capacity 14450K, committed 14592K, reserved 1062912K
  class space    used 1630K, capacity 1729K, committed 1792K, reserved 1048576K
}
Event: 3.529 GC heap before
{Heap before GC invocations=4 (full 1):
 PSYoungGen      total 37888K, used 37690K [0x00000000e0000000, 0x00000000e2a00000, 0x0000000100000000)
  eden space 32768K, 99% used [0x00000000e0000000,0x00000000e1fd1460,0x00000000e2000000)
  from space 5120K, 99% used [0x00000000e2500000,0x00000000e29fd3c8,0x00000000e2a00000)
  to   space 5120K, 0% used [0x00000000e2000000,0x00000000e2000000,0x00000000e2500000)
 ParOldGen       total 86016K, used 5126K [0x00000000a0000000, 0x00000000a5400000, 0x00000000e0000000)
  object space 86016K, 5% used [0x00000000a0000000,0x00000000a05018f8,0x00000000a5400000)
 Metaspace       used 20796K, capacity 21134K, committed 21296K, reserved 1069056K
  class space    used 2490K, capacity 2577K, committed 2608K, reserved 1048576K
Event: 3.540 GC heap after
Heap after GC invocations=4 (full 1):
 PSYoungGen      total 37888K, used 5103K [0x00000000e0000000, 0x00000000e2a00000, 0x0000000100000000)
  eden space 32768K, 0% used [0x00000000e0000000,0x00000000e0000000,0x00000000e2000000)
  from space 5120K, 99% used [0x00000000e2000000,0x00000000e24fbde8,0x00000000e2500000)
  to   space 5120K, 0% used [0x00000000e2500000,0x00000000e2500000,0x00000000e2a00000)
 ParOldGen       total 86016K, used 10378K [0x00000000a0000000, 0x00000000a5400000, 0x00000000e0000000)
  object space 86016K, 12% used [0x00000000a0000000,0x00000000a0a228a0,0x00000000a5400000)
 Metaspace       used 20796K, capacity 21134K, committed 21296K, reserved 1069056K
  class space    used 2490K, capacity 2577K, committed 2608K, reserved 1048576K
}
Event: 3.540 GC heap before
{Heap before GC invocations=5 (full 2):
 PSYoungGen      total 37888K, used 5103K [0x00000000e0000000, 0x00000000e2a00000, 0x0000000100000000)
  eden space 32768K, 0% used [0x00000000e0000000,0x00000000e0000000,0x00000000e2000000)
  from space 5120K, 99% used [0x00000000e2000000,0x00000000e24fbde8,0x00000000e2500000)
  to   space 5120K, 0% used [0x00000000e2500000,0x00000000e2500000,0x00000000e2a00000)
 ParOldGen       total 86016K, used 10378K [0x00000000a0000000, 0x00000000a5400000, 0x00000000e0000000)
  object space 86016K, 12% used [0x00000000a0000000,0x00000000a0a228a0,0x00000000a5400000)
 Metaspace       used 20796K, capacity 21134K, committed 21296K, reserved 1069056K
  class space    used 2490K, capacity 2577K, committed 2608K, reserved 1048576K
Event: 3.578 GC heap after
Heap after GC invocations=5 (full 2):
 PSYoungGen      total 37888K, used 0K [0x00000000e0000000, 0x00000000e2a00000, 0x0000000100000000)
  eden space 32768K, 0% used [0x00000000e0000000,0x00000000e0000000,0x00000000e2000000)
  from space 5120K, 0% used [0x00000000e2000000,0x00000000e2000000,0x00000000e2500000)
  to   space 5120K, 0% used [0x00000000e2500000,0x00000000e2500000,0x00000000e2a00000)
 ParOldGen       total 72704K, used 11298K [0x00000000a0000000, 0x00000000a4700000, 0x00000000e0000000)
  object space 72704K, 15% used [0x00000000a0000000,0x00000000a0b08be0,0x00000000a4700000)
 Metaspace       used 20796K, capacity 21134K, committed 21296K, reserved 1069056K
  class space    used 2490K, capacity 2577K, committed 2608K, reserved 1048576K
}

