# JRE version: OpenJDK Runtime Environment (8.0_152-b06) (build 1.8.0_152-release-1136-b06)
# Java VM: OpenJDK 64-Bit Server VM (25.152-b06 mixed mode windows-amd64 compressed oops)
Heap:
 PSYoungGen      total 271872K, used 113388K [0x00000000e0000000, 0x00000000f5f80000, 0x0000000100000000)
  eden space 214528K, 30% used [0x00000000e0000000,0x00000000e3f472d0,0x00000000ed180000)
  from space 57344K, 84% used [0x00000000ed180000,0x00000000f00f3d30,0x00000000f0980000)
  to   space 62976K, 0% used [0x00000000f2200000,0x00000000f2200000,0x00000000f5f80000)
 ParOldGen       total 161280K, used 46017K [0x00000000a0000000, 0x00000000a9d80000, 0x00000000e0000000)
  object space 161280K, 28% used [0x00000000a0000000,0x00000000a2cf0658,0x00000000a9d80000)
 Metaspace       used 63111K, capacity 65388K, committed 65536K, reserved 1107968K
  class space    used 7272K, capacity 7877K, committed 7936K, reserved 1048576K
GC Heap History (10 events):
Event: 1023.278 GC heap before
{Heap before GC invocations=19 (full 4):
 PSYoungGen      total 193536K, used 28355K [0x00000000e0000000, 0x00000000f0d00000, 0x0000000100000000)
  eden space 151040K, 0% used [0x00000000e0000000,0x00000000e0000000,0x00000000e9380000)
  from space 42496K, 66% used [0x00000000e9380000,0x00000000eaf30cf0,0x00000000ebd00000)
  to   space 43520K, 0% used [0x00000000ee280000,0x00000000ee280000,0x00000000f0d00000)
 ParOldGen       total 117760K, used 59798K [0x00000000a0000000, 0x00000000a7300000, 0x00000000e0000000)
  object space 117760K, 50% used [0x00000000a0000000,0x00000000a3a65868,0x00000000a7300000)
 Metaspace       used 57721K, capacity 58962K, committed 59136K, reserved 1101824K
  class space    used 6833K, capacity 7152K, committed 7168K, reserved 1048576K
Event: 1023.495 GC heap after
Heap after GC invocations=19 (full 4):
 PSYoungGen      total 193536K, used 0K [0x00000000e0000000, 0x00000000f0d00000, 0x0000000100000000)
  eden space 151040K, 0% used [0x00000000e0000000,0x00000000e0000000,0x00000000e9380000)
  from space 42496K, 0% used [0x00000000e9380000,0x00000000e9380000,0x00000000ebd00000)
  to   space 43520K, 0% used [0x00000000ee280000,0x00000000ee280000,0x00000000f0d00000)
 ParOldGen       total 161280K, used 45985K [0x00000000a0000000, 0x00000000a9d80000, 0x00000000e0000000)
  object space 161280K, 28% used [0x00000000a0000000,0x00000000a2ce8658,0x00000000a9d80000)
 Metaspace       used 57721K, capacity 58962K, committed 59136K, reserved 1101824K
  class space    used 6833K, capacity 7152K, committed 7168K, reserved 1048576K
}
Event: 1096.096 GC heap before
{Heap before GC invocations=20 (full 4):
 PSYoungGen      total 193536K, used 151040K [0x00000000e0000000, 0x00000000f0d00000, 0x0000000100000000)
  eden space 151040K, 100% used [0x00000000e0000000,0x00000000e9380000,0x00000000e9380000)
  from space 42496K, 0% used [0x00000000e9380000,0x00000000e9380000,0x00000000ebd00000)
  to   space 43520K, 0% used [0x00000000ee280000,0x00000000ee280000,0x00000000f0d00000)
 ParOldGen       total 161280K, used 45985K [0x00000000a0000000, 0x00000000a9d80000, 0x00000000e0000000)
  object space 161280K, 28% used [0x00000000a0000000,0x00000000a2ce8658,0x00000000a9d80000)
 Metaspace       used 59047K, capacity 60624K, committed 60928K, reserved 1103872K
  class space    used 6904K, capacity 7307K, committed 7424K, reserved 1048576K
Event: 1096.123 GC heap after
Heap after GC invocations=20 (full 4):
 PSYoungGen      total 230912K, used 28102K [0x00000000e0000000, 0x00000000f1180000, 0x0000000100000000)
  eden space 187392K, 0% used [0x00000000e0000000,0x00000000e0000000,0x00000000eb700000)
  from space 43520K, 64% used [0x00000000ee280000,0x00000000efdf18b8,0x00000000f0d00000)
  to   space 44544K, 0% used [0x00000000eb700000,0x00000000eb700000,0x00000000ee280000)
 ParOldGen       total 161280K, used 45993K [0x00000000a0000000, 0x00000000a9d80000, 0x00000000e0000000)
  object space 161280K, 28% used [0x00000000a0000000,0x00000000a2cea658,0x00000000a9d80000)
 Metaspace       used 59047K, capacity 60624K, committed 60928K, reserved 1103872K
  class space    used 6904K, capacity 7307K, committed 7424K, reserved 1048576K
}
Event: 1106.348 GC heap before
{Heap before GC invocations=21 (full 4):
 PSYoungGen      total 230912K, used 215494K [0x00000000e0000000, 0x00000000f1180000, 0x0000000100000000)
  eden space 187392K, 100% used [0x00000000e0000000,0x00000000eb700000,0x00000000eb700000)
  from space 43520K, 64% used [0x00000000ee280000,0x00000000efdf18b8,0x00000000f0d00000)
  to   space 44544K, 0% used [0x00000000eb700000,0x00000000eb700000,0x00000000ee280000)
 ParOldGen       total 161280K, used 45993K [0x00000000a0000000, 0x00000000a9d80000, 0x00000000e0000000)
  object space 161280K, 28% used [0x00000000a0000000,0x00000000a2cea658,0x00000000a9d80000)
 Metaspace       used 60515K, capacity 62428K, committed 62592K, reserved 1103872K
  class space    used 7046K, capacity 7525K, committed 7552K, reserved 1048576K
Event: 1106.385 GC heap after
Heap after GC invocations=21 (full 4):
 PSYoungGen      total 231936K, used 41467K [0x00000000e0000000, 0x00000000f4300000, 0x0000000100000000)
  eden space 187392K, 0% used [0x00000000e0000000,0x00000000e0000000,0x00000000eb700000)
  from space 44544K, 93% used [0x00000000eb700000,0x00000000edf7efe0,0x00000000ee280000)
  to   space 50176K, 0% used [0x00000000f1200000,0x00000000f1200000,0x00000000f4300000)
 ParOldGen       total 161280K, used 46001K [0x00000000a0000000, 0x00000000a9d80000, 0x00000000e0000000)
  object space 161280K, 28% used [0x00000000a0000000,0x00000000a2cec658,0x00000000a9d80000)
 Metaspace       used 60515K, capacity 62428K, committed 62592K, reserved 1103872K
  class space    used 7046K, capacity 7525K, committed 7552K, reserved 1048576K
}
Event: 1222.741 GC heap before
{Heap before GC invocations=22 (full 4):
 PSYoungGen      total 231936K, used 228859K [0x00000000e0000000, 0x00000000f4300000, 0x0000000100000000)
  eden space 187392K, 100% used [0x00000000e0000000,0x00000000eb700000,0x00000000eb700000)
  from space 44544K, 93% used [0x00000000eb700000,0x00000000edf7efe0,0x00000000ee280000)
  to   space 50176K, 0% used [0x00000000f1200000,0x00000000f1200000,0x00000000f4300000)
 ParOldGen       total 161280K, used 46001K [0x00000000a0000000, 0x00000000a9d80000, 0x00000000e0000000)
  object space 161280K, 28% used [0x00000000a0000000,0x00000000a2cec658,0x00000000a9d80000)
 Metaspace       used 61885K, capacity 64008K, committed 64128K, reserved 1105920K
  class space    used 7166K, capacity 7725K, committed 7808K, reserved 1048576K
Event: 1222.840 GC heap after
Heap after GC invocations=22 (full 4):
 PSYoungGen      total 260096K, used 48543K [0x00000000e0000000, 0x00000000f4180000, 0x0000000100000000)
  eden space 211456K, 0% used [0x00000000e0000000,0x00000000e0000000,0x00000000ece80000)
  from space 48640K, 99% used [0x00000000f1200000,0x00000000f4167e28,0x00000000f4180000)
  to   space 57344K, 0% used [0x00000000ed180000,0x00000000ed180000,0x00000000f0980000)
 ParOldGen       total 161280K, used 46009K [0x00000000a0000000, 0x00000000a9d80000, 0x00000000e0000000)
  object space 161280K, 28% used [0x00000000a0000000,0x00000000a2cee658,0x00000000a9d80000)
 Metaspace       used 61885K, capacity 64008K, committed 64128K, reserved 1105920K
  class space    used 7166K, capacity 7725K, committed 7808K, reserved 1048576K
}
Event: 1284.051 GC heap before
{Heap before GC invocations=23 (full 4):
 PSYoungGen      total 260096K, used 259999K [0x00000000e0000000, 0x00000000f4180000, 0x0000000100000000)
  eden space 211456K, 100% used [0x00000000e0000000,0x00000000ece80000,0x00000000ece80000)
  from space 48640K, 99% used [0x00000000f1200000,0x00000000f4167e28,0x00000000f4180000)
  to   space 57344K, 0% used [0x00000000ed180000,0x00000000ed180000,0x00000000f0980000)
 ParOldGen       total 161280K, used 46009K [0x00000000a0000000, 0x00000000a9d80000, 0x00000000e0000000)
  object space 161280K, 28% used [0x00000000a0000000,0x00000000a2cee658,0x00000000a9d80000)
 Metaspace       used 62766K, capacity 65076K, committed 65280K, reserved 1105920K
  class space    used 7248K, capacity 7841K, committed 7936K, reserved 1048576K
Event: 1284.108 GC heap after
Heap after GC invocations=23 (full 4):
 PSYoungGen      total 271872K, used 48591K [0x00000000e0000000, 0x00000000f5f80000, 0x0000000100000000)
  eden space 214528K, 0% used [0x00000000e0000000,0x00000000e0000000,0x00000000ed180000)
  from space 57344K, 84% used [0x00000000ed180000,0x00000000f00f3d30,0x00000000f0980000)
  to   space 62976K, 0% used [0x00000000f2200000,0x00000000f2200000,0x00000000f5f80000)
 ParOldGen       total 161280K, used 46017K [0x00000000a0000000, 0x00000000a9d80000, 0x00000000e0000000)
  object space 161280K, 28% used [0x00000000a0000000,0x00000000a2cf0658,0x00000000a9d80000)
 Metaspace       used 62766K, capacity 65076K, committed 65280K, reserved 1105920K
  class space    used 7248K, capacity 7841K, committed 7936K, reserved 1048576K
}

